


ARM Macro Assembler    Page 1 


    1 00000000                 AREA             |.text|, CODE, READONLY, ALIGN=
2
    2 00000000                 THUMB
    3 00000000                 REQUIRE8
    4 00000000                 PRESERVE8
    5 00000000         
    6 00000000                 EXPORT           RD_display
    7 00000000                 EXPORT           RM
    8 00000000                 EXPORT           MD
    9 00000000                 EXPORT           MM_BYTE
   10 00000000                 EXPORT           MM_HALF
   11 00000000                 EXPORT           MM_WORD
   12 00000000                 EXPORT           RUN
   13 00000000                 EXPORT           CALL
   14 00000000                 extern           resgister   ;arreglo para displ
                                                            ay
   15 00000000                 extern           memo
   16 00000000                 extern           memo_array
   17 00000000         ;Register display 
   18 00000000         RD_display
   19 00000000 B401            push{r0}
   20 00000002 4840            ldr              r0, =resgister
   21 00000004 6041            str              r1, [r0, #4]
   22 00000006 6082            str              r2, [r0, #8]
   23 00000008 60C3            str              r3, [r0, #12]
   24 0000000A 6104            str              r4, [r0, #16]
   25 0000000C 6145            str              r5, [r0, #20]
   26 0000000E 6186            str              r6, [r0, #24]
   27 00000010 61C7            str              r7, [r0, #28]
   28 00000012 F8C0 8020       str              r8, [r0, #32]
   29 00000016 F8C0 9024       str              r9, [r0, #36]
   30 0000001A F8C0 A028       str              r10, [r0, #40]
   31 0000001E F8C0 B02C       str              r11, [r0, #44]
   32 00000022 F8C0 C030       str              r12, [r0, #48]
   33 00000026 F8C0 D034       str              sp, [r0, #52]
   34 0000002A F8C0 E038       str              lr, [r0, #56]
   35 0000002E BC01            pop{r0}
   36 00000030 B420            push{r5}
   37 00000032 4D34            ldr              r5, =resgister
   38 00000034 6028            str              r0, [r5]
   39 00000036 BC20            pop{r5}
   40 00000038 4770            bx               lr
   41 0000003A         
   42 0000003A         ;register modify
   43 0000003A         RM
   44 0000003A B500            push{lr}
   45 0000003C 2800            cmp              r0, #0
   46 0000003E D018            beq              r_0
   47 00000040 2801            cmp              r0, #1
   48 00000042 D019            beq              r_1
   49 00000044 2802            cmp              r0, #2
   50 00000046 D01A            beq              r_2
   51 00000048 2803            cmp              r0, #3
   52 0000004A D01B            beq              r_3
   53 0000004C 2804            cmp              r0, #4
   54 0000004E D01C            beq              r_4
   55 00000050 2805            cmp              r0, #5
   56 00000052 D01D            beq              r_5
   57 00000054 2806            cmp              r0, #6



ARM Macro Assembler    Page 2 


   58 00000056 D01E            beq              r_6
   59 00000058 2807            cmp              r0, #7
   60 0000005A D01F            beq              r_7
   61 0000005C 2808            cmp              r0, #8
   62 0000005E D020            beq              r_8
   63 00000060 2809            cmp              r0, #9
   64 00000062 D022            beq              r_9
   65 00000064 280A            cmp              r0, #10
   66 00000066 D024            beq              r_10
   67 00000068 280B            cmp              r0, #11
   68 0000006A D026            beq              r_11
   69 0000006C 280C            cmp              r0, #12
   70 0000006E D028            beq              r_12
   71 00000070 BD00            pop{pc}
   72 00000072         r_0
   73 00000072 B500            push{lr}
   74 00000074 0008            movs             r0, r1
   75 00000076 BD00            pop{pc}
   76 00000078         r_1
   77 00000078 B500            push{lr}
   78 0000007A 0009            movs             r1, r1
   79 0000007C BD00            pop{pc}
   80 0000007E         r_2
   81 0000007E B500            push{lr}
   82 00000080 000A            movs             r2, r1
   83 00000082 BD00            pop{pc}
   84 00000084         r_3
   85 00000084 B500            push{lr}
   86 00000086 000B            movs             r3, r1
   87 00000088 BD00            pop{pc}
   88 0000008A         r_4
   89 0000008A B500            push{lr}
   90 0000008C 000C            movs             r4, r1
   91 0000008E BD00            pop{pc}
   92 00000090         r_5
   93 00000090 B500            push{lr}
   94 00000092 000D            movs             r5, r1
   95 00000094 BD00            pop{pc}
   96 00000096         r_6
   97 00000096 B500            push{lr}
   98 00000098 000E            movs             r6, r1
   99 0000009A BD00            pop{pc}
  100 0000009C         r_7
  101 0000009C B500            push{lr}
  102 0000009E 000F            movs             r7, r1
  103 000000A0 BD00            pop{pc}
  104 000000A2         r_8
  105 000000A2 B500            push{lr}
  106 000000A4 EA5F 0801       movs             r8, r1
  107 000000A8 BD00            pop{pc}
  108 000000AA         r_9
  109 000000AA B500            push{lr}
  110 000000AC EA5F 0901       movs             r9, r1
  111 000000B0 BD00            pop{pc}
  112 000000B2         r_10
  113 000000B2 B500            push{lr}
  114 000000B4 EA5F 0A01       movs             r10, r1
  115 000000B8 BD00            pop{pc}
  116 000000BA         r_11



ARM Macro Assembler    Page 3 


  117 000000BA B500            push{lr}
  118 000000BC EA5F 0B01       movs             r11, r1
  119 000000C0 BD00            pop{pc}
  120 000000C2         r_12
  121 000000C2 B500            push{lr}
  122 000000C4 EA5F 0C01       movs             r12, r1
  123 000000C8 BD00            pop{pc}
  124 000000CA         
  125 000000CA         
  126 000000CA         ;Memory Display
  127 000000CA         MD
  128 000000CA 4288            cmp              r0, r1
  129 000000CC DC0B            bgt              end_loop
  130 000000CE 7805            ldrb             r5, [r0]
  131 000000D0 F100 0001       add              r0, r0, #1
  132 000000D4 B401            push{r0}
  133 000000D6 4B0C            ldr              r3, =memo_array
  134 000000D8 480C            ldr              r0, =memo
  135 000000DA 6005            str              r5, [r0]
  136 000000DC 519D            str              r5, [r3,r6]
  137 000000DE F106 0601       add              r6, r6, #1
  138 000000E2 BC01            pop{r0}
  139 000000E4 E7FE            b                MD
  140 000000E6         end_loop
  141 000000E6 4770            bx               lr
  142 000000E8         
  143 000000E8         
  144 000000E8         ;Memory Modify
  145 000000E8         MM_BYTE
  146 000000E8 B500            push{lr}
  147 000000EA 7001            strb             r1, [r0]
  148 000000EC BD00            pop{pc}
  149 000000EE         
  150 000000EE         MM_HALF
  151 000000EE B500            push{lr}
  152 000000F0 8001            strh             r1, [r0]
  153 000000F2 BD00            pop{pc}
  154 000000F4         
  155 000000F4         MM_WORD
  156 000000F4 B500            push{lr}
  157 000000F6 6001            str              r1, [r0]
  158 000000F8 BD00            pop{pc}
  159 000000FA         
  160 000000FA         
  161 000000FA         RUN
  162 000000FA 4700            bx               r0
  163 000000FC         CALL
  164 000000FC 4780            blx              r0
  165 000000FE 4770            bx               lr
  166 00000100         
  167 00000100 BF00            nop
  168 00000102                 END
              00 00 00000000 
              00000000 
              00000000 
Command Line: --debug --xref --diag_suppress=9931 --cpu=Cortex-M4.fp.sp --apcs=
interwork --depend=.\objects\register.d -o.\objects\register.o -I.\RTE\_Target_
1 -IC:\Users\aadel\AppData\Local\Arm\Packs\ARM\CMSIS\5.8.0\CMSIS\Core\Include -
IC:\Users\aadel\AppData\Local\Arm\Packs\Keil\STM32F3xx_DFP\2.1.0\Drivers\CMSIS\



ARM Macro Assembler    Page 4 


Device\ST\STM32F3xx\Include --predefine="__EVAL SETA 1" --predefine="__UVISION_
VERSION SETA 535" --predefine="_RTE_ SETA 1" --predefine="STM32F303xC SETA 1" -
-predefine="_RTE_ SETA 1" --list=.\listings\register.lst register.s



ARM Macro Assembler    Page 1 Alphabetic symbol ordering
Relocatable symbols

.text 00000000

Symbol: .text
   Definitions
      At line 1 in file register.s
   Uses
      None
Comment: .text unused
CALL 000000FC

Symbol: CALL
   Definitions
      At line 163 in file register.s
   Uses
      At line 13 in file register.s
Comment: CALL used once
MD 000000CA

Symbol: MD
   Definitions
      At line 127 in file register.s
   Uses
      At line 8 in file register.s
      At line 139 in file register.s

MM_BYTE 000000E8

Symbol: MM_BYTE
   Definitions
      At line 145 in file register.s
   Uses
      At line 9 in file register.s
Comment: MM_BYTE used once
MM_HALF 000000EE

Symbol: MM_HALF
   Definitions
      At line 150 in file register.s
   Uses
      At line 10 in file register.s
Comment: MM_HALF used once
MM_WORD 000000F4

Symbol: MM_WORD
   Definitions
      At line 155 in file register.s
   Uses
      At line 11 in file register.s
Comment: MM_WORD used once
RD_display 00000000

Symbol: RD_display
   Definitions
      At line 18 in file register.s
   Uses
      At line 6 in file register.s
Comment: RD_display used once
RM 0000003A




ARM Macro Assembler    Page 2 Alphabetic symbol ordering
Relocatable symbols

Symbol: RM
   Definitions
      At line 43 in file register.s
   Uses
      At line 7 in file register.s
Comment: RM used once
RUN 000000FA

Symbol: RUN
   Definitions
      At line 161 in file register.s
   Uses
      At line 12 in file register.s
Comment: RUN used once
end_loop 000000E6

Symbol: end_loop
   Definitions
      At line 140 in file register.s
   Uses
      At line 129 in file register.s
Comment: end_loop used once
r_0 00000072

Symbol: r_0
   Definitions
      At line 72 in file register.s
   Uses
      At line 46 in file register.s
Comment: r_0 used once
r_1 00000078

Symbol: r_1
   Definitions
      At line 76 in file register.s
   Uses
      At line 48 in file register.s
Comment: r_1 used once
r_10 000000B2

Symbol: r_10
   Definitions
      At line 112 in file register.s
   Uses
      At line 66 in file register.s
Comment: r_10 used once
r_11 000000BA

Symbol: r_11
   Definitions
      At line 116 in file register.s
   Uses
      At line 68 in file register.s
Comment: r_11 used once
r_12 000000C2

Symbol: r_12
   Definitions
      At line 120 in file register.s



ARM Macro Assembler    Page 3 Alphabetic symbol ordering
Relocatable symbols

   Uses
      At line 70 in file register.s
Comment: r_12 used once
r_2 0000007E

Symbol: r_2
   Definitions
      At line 80 in file register.s
   Uses
      At line 50 in file register.s
Comment: r_2 used once
r_3 00000084

Symbol: r_3
   Definitions
      At line 84 in file register.s
   Uses
      At line 52 in file register.s
Comment: r_3 used once
r_4 0000008A

Symbol: r_4
   Definitions
      At line 88 in file register.s
   Uses
      At line 54 in file register.s
Comment: r_4 used once
r_5 00000090

Symbol: r_5
   Definitions
      At line 92 in file register.s
   Uses
      At line 56 in file register.s
Comment: r_5 used once
r_6 00000096

Symbol: r_6
   Definitions
      At line 96 in file register.s
   Uses
      At line 58 in file register.s
Comment: r_6 used once
r_7 0000009C

Symbol: r_7
   Definitions
      At line 100 in file register.s
   Uses
      At line 60 in file register.s
Comment: r_7 used once
r_8 000000A2

Symbol: r_8
   Definitions
      At line 104 in file register.s
   Uses
      At line 62 in file register.s
Comment: r_8 used once



ARM Macro Assembler    Page 4 Alphabetic symbol ordering
Relocatable symbols

r_9 000000AA

Symbol: r_9
   Definitions
      At line 108 in file register.s
   Uses
      At line 64 in file register.s
Comment: r_9 used once
23 symbols



ARM Macro Assembler    Page 1 Alphabetic symbol ordering
External symbols

memo 00000000

Symbol: memo
   Definitions
      At line 15 in file register.s
   Uses
      At line 134 in file register.s
Comment: memo used once
memo_array 00000000

Symbol: memo_array
   Definitions
      At line 16 in file register.s
   Uses
      At line 133 in file register.s
Comment: memo_array used once
resgister 00000000

Symbol: resgister
   Definitions
      At line 14 in file register.s
   Uses
      At line 20 in file register.s
      At line 37 in file register.s

3 symbols
363 symbols in table
